2025-04-01 21:58:16,610 - INFO - Loading and preprocessing data...
2025-04-01 21:58:16,836 - INFO - Successfully loaded 33784 rows of data
2025-04-01 21:58:16,837 - INFO - Using 23 features: ['population', 'population_density', 'per_capita_income', 'employment_rate', 'market_potential', 'employment_health_score', 'distance_to_nearest_walmart', 'walmart_density_5km', 'walmart_density_10km', 'walmart_density_25km', 'walmart_density_50km', 'population_employment', 'density_income', 'market_employment', 'income_density', 'market_density', 'employment_density', 'rental_price', 'rental_price_volatility', 'rental_price_trend', 'target_density_5km', 'target_density_10km', 'target_density_25km']
2025-04-01 21:58:16,900 - INFO - Dataset shape: (33784, 23)
2025-04-01 21:58:16,965 - INFO - Optimizing XGBoost...
2025-04-01 21:58:32,792 - INFO - Best XGBoost trial: 0.9707
2025-04-01 21:58:34,386 - INFO - 
XGBoost Results:
2025-04-01 21:58:34,387 - INFO - accuracy: 0.9145
2025-04-01 21:58:34,387 - INFO - precision: 0.8588
2025-04-01 21:58:34,387 - INFO - recall: 0.8851
2025-04-01 21:58:34,388 - INFO - f1: 0.8718
2025-04-01 21:58:34,388 - INFO - roc_auc: 0.9733
2025-04-01 21:58:34,388 - INFO - pr_auc: 0.9565
2025-04-01 21:58:34,388 - INFO - Optimizing Random Forest...
2025-04-01 22:00:22,444 - INFO - Best Random Forest trial: 0.9442
2025-04-01 22:00:29,860 - INFO - 
Random Forest Results:
2025-04-01 22:00:29,862 - INFO - accuracy: 0.8667
2025-04-01 22:00:29,862 - INFO - precision: 0.7763
2025-04-01 22:00:29,862 - INFO - recall: 0.8347
2025-04-01 22:00:29,862 - INFO - f1: 0.8044
2025-04-01 22:00:29,862 - INFO - roc_auc: 0.9429
2025-04-01 22:00:29,862 - INFO - pr_auc: 0.9072
2025-04-01 22:00:29,863 - INFO - Optimizing Neural Network...
