2025-04-01 21:28:49,559 - INFO - Loading and preprocessing data...
2025-04-01 21:28:49,853 - INFO - Successfully loaded 33784 rows of data
2025-04-01 21:28:49,854 - INFO - Using 23 features: ['population', 'population_density', 'per_capita_income', 'employment_rate', 'market_potential', 'employment_health_score', 'distance_to_nearest_walmart', 'walmart_density_5km', 'walmart_density_10km', 'walmart_density_25km', 'walmart_density_50km', 'population_employment', 'density_income', 'market_employment', 'income_density', 'market_density', 'employment_density', 'rental_price', 'rental_price_volatility', 'rental_price_trend', 'target_density_5km', 'target_density_10km', 'target_density_25km']
2025-04-01 21:28:49,990 - INFO - Dataset shape: (33784, 23)
2025-04-01 21:28:50,109 - INFO - Optimizing XGBoost...
2025-04-01 21:30:02,120 - INFO - 
XGBoost Results:
2025-04-01 21:30:02,121 - INFO - accuracy: 0.9290
2025-04-01 21:30:02,121 - INFO - precision: 0.9069
2025-04-01 21:30:02,121 - INFO - recall: 0.8734
2025-04-01 21:30:02,121 - INFO - f1: 0.8899
2025-04-01 21:30:02,122 - INFO - roc_auc: 0.9774
2025-04-01 21:30:02,122 - INFO - pr_auc: 0.9637
2025-04-01 21:30:02,122 - INFO - Optimizing Random Forest...
2025-04-01 21:42:05,645 - INFO - 
Random Forest Results:
2025-04-01 21:42:05,646 - INFO - accuracy: 0.8770
2025-04-01 21:42:05,646 - INFO - precision: 0.7962
2025-04-01 21:42:05,647 - INFO - recall: 0.8410
2025-04-01 21:42:05,648 - INFO - f1: 0.8180
2025-04-01 21:42:05,649 - INFO - roc_auc: 0.9500
2025-04-01 21:42:05,649 - INFO - pr_auc: 0.9197
2025-04-01 21:42:05,649 - INFO - Optimizing Neural Network...
